13:26:26.060 -> 0,0,0,10000
13:26:26.063 -> 0,1,0,10000
13:26:26.065 -> 0,2,0,10000
13:26:26.085 -> 1,0,1922,11922
13:26:26.085 -> 1,1,1944,11944
13:26:26.086 -> 1,2,560,10560
13:26:26.120 -> 2,0,1922,11922
13:26:26.121 -> 2,1,810,10810
13:26:26.121 -> 2,2,558,10558
13:26:26.153 -> 3,0,1922,11922
13:26:26.153 -> 3,1,770,10770
13:26:26.154 -> 3,2,552,10552
13:26:26.186 -> 4,0,1924,11924
13:26:26.186 -> 4,1,758,10758
13:26:26.187 -> 4,2,548,10548
13:26:26.218 -> 5,0,1926,11926
13:26:26.219 -> 5,1,1818,11818
13:26:26.219 -> 5,2,544,10544
13:26:26.252 -> 6,0,1930,11930
13:26:26.253 -> 6,1,1794,11794
13:26:26.253 -> 6,2,540,10540
13:26:26.286 -> 7,0,1934,11934
13:26:26.286 -> 7,1,1768,11768
13:26:26.286 -> 7,2,536,10536
13:26:26.326 -> 8,0,1938,11938
13:26:26.327 -> 8,1,1746,11746
13:26:26.327 -> 8,2,534,10534
13:26:26.352 -> 9,0,1942,11942
13:26:26.352 -> 9,1,1728,11728
13:26:26.353 -> 9,2,532,10532
13:26:26.386 -> 10,0,1948,11948
13:26:26.386 -> 10,1,1708,11708
13:26:26.387 -> 10,2,528,10528
13:26:26.418 -> 11,0,1954,11954
13:26:26.418 -> 11,1,1692,11692
13:26:26.419 -> 11,2,526,10526
13:26:26.452 -> 12,0,1960,11960
13:26:26.452 -> 12,1,1674,11674
13:26:26.453 -> 12,2,522,10522
13:26:26.484 -> 13,0,1968,11968
13:26:26.484 -> 13,1,1660,11660
13:26:26.485 -> 13,2,520,10520
13:26:26.518 -> 14,0,1976,11976
13:26:26.518 -> 14,1,1648,11648
13:26:26.519 -> 14,2,518,10518
13:26:26.552 -> 15,0,1984,11984
13:26:26.552 -> 15,1,1638,11638
13:26:26.552 -> 15,2,516,10516
13:26:26.586 -> 16,0,1994,11994
13:26:26.586 -> 16,1,1630,11630
13:26:26.587 -> 16,2,516,10516
13:26:26.618 -> 17,0,2004,12004
13:26:26.619 -> 17,1,1628,11628
13:26:26.619 -> 17,2,514,10514
13:26:26.651 -> 18,0,2014,12014
13:26:26.651 -> 18,1,1630,11630
13:26:26.652 -> 18,2,512,10512
13:26:26.685 -> 19,0,2026,12026
13:26:26.686 -> 19,1,1634,11634
13:26:26.686 -> 19,2,512,10512
13:26:26.721 -> 20,0,2038,12038
13:26:26.721 -> 20,1,2004,12004
13:26:26.722 -> 20,2,510,10510
13:26:26.754 -> 21,0,2050,12050
13:26:26.755 -> 21,1,1976,11976
13:26:26.755 -> 21,2,508,10508
13:26:26.787 -> 22,0,2064,12064
13:26:26.788 -> 22,1,1950,11950
13:26:26.788 -> 22,2,506,10506
13:26:26.818 -> 23,0,2080,12080
13:26:26.818 -> 23,1,190,10190
13:26:26.819 -> 23,2,506,10506
13:26:26.852 -> 24,0,2094,12094
13:26:26.853 -> 24,1,1900,11900
13:26:26.853 -> 24,2,508,10508
13:26:26.885 -> 25,0,2110,12110
13:26:26.885 -> 25,1,1876,11876
13:26:26.885 -> 25,2,508,10508
13:26:26.920 -> 26,0,1644,11644
13:26:26.920 -> 26,1,180,10180
13:26:26.920 -> 26,2,508,10508
13:26:26.952 -> 27,0,1626,11626
13:26:26.953 -> 27,1,190,10190
13:26:26.953 -> 27,2,506,10506
13:26:26.986 -> 28,0,1618,11618
13:26:26.987 -> 28,1,1814,11814
13:26:26.987 -> 28,2,506,10506
13:26:27.019 -> 29,0,1612,11612
13:26:27.020 -> 29,1,1794,11794
13:26:27.020 -> 29,2,506,10506
13:26:27.052 -> 30,0,1608,11608
13:26:27.052 -> 30,1,150,10150
13:26:27.052 -> 30,2,506,10506
13:26:27.086 -> 31,0,1606,11606
13:26:27.086 -> 31,1,170,10170
13:26:27.086 -> 31,2,510,10510
13:26:27.118 -> 32,0,1606,11606
13:26:27.119 -> 32,1,140,10140
13:26:27.119 -> 32,2,510,10510
13:26:27.152 -> 33,0,1606,11606
13:26:27.153 -> 33,1,118,10118
13:26:27.153 -> 33,2,510,10510
13:26:27.186 -> 34,0,1606,11606
13:26:27.186 -> 34,1,172,10172
13:26:27.187 -> 34,2,512,10512
13:26:27.218 -> 35,0,1606,11606
13:26:27.218 -> 35,1,1700,11700
13:26:27.219 -> 35,2,512,10512
13:26:27.253 -> 36,0,1608,11608
13:26:27.253 -> 36,1,1686,11686
13:26:27.254 -> 36,2,512,10512
13:26:27.285 -> 37,0,1608,11608
13:26:27.285 -> 37,1,1674,11674
13:26:27.286 -> 37,2,514,10514
13:26:27.320 -> 38,0,1608,11608
13:26:27.321 -> 38,1,1662,11662
13:26:27.321 -> 38,2,514,10514
13:26:27.352 -> 39,0,1604,11604
13:26:27.353 -> 39,1,1650,11650
13:26:27.353 -> 39,2,520,10520
13:26:27.388 -> 40,0,1590,11590
13:26:27.389 -> 40,1,1640,11640
13:26:27.389 -> 40,2,522,10522
13:26:27.418 -> 41,0,1448,11448
13:26:27.418 -> 41,1,1630,11630
13:26:27.419 -> 41,2,524,10524
13:26:27.451 -> 42,0,1420,11420
13:26:27.452 -> 42,1,1620,11620
13:26:27.452 -> 42,2,524,10524
13:26:27.485 -> 43,0,1394,11394
13:26:27.485 -> 43,1,1612,11612
13:26:27.486 -> 43,2,526,10526
13:26:27.520 -> 44,0,1376,11376
13:26:27.520 -> 44,1,1604,11604
13:26:27.521 -> 44,2,528,10528
13:26:27.554 -> 45,0,1352,11352
13:26:27.554 -> 45,1,1596,11596
13:26:27.555 -> 45,2,532,10532
13:26:27.586 -> 46,0,1328,11328
13:26:27.586 -> 46,1,1590,11590
13:26:27.587 -> 46,2,538,10538
13:26:27.619 -> 47,0,1308,11308
13:26:27.619 -> 47,1,1584,11584
13:26:27.620 -> 47,2,540,10540
13:26:27.653 -> 48,0,1286,11286
13:26:27.654 -> 48,1,1578,11578
13:26:27.654 -> 48,2,544,10544
13:26:27.685 -> 49,0,1268,11268
13:26:27.685 -> 49,1,1572,11572
13:26:27.685 -> 49,2,546,10546
13:26:27.718 -> 50,0,1266,11266
13:26:27.718 -> 50,1,1566,11566
13:26:27.718 -> 50,2,550,10550
13:26:27.753 -> 51,0,1266,11266
13:26:27.753 -> 51,1,1562,11562
13:26:27.754 -> 51,2,554,10554
13:26:27.787 -> 52,0,1266,11266
13:26:27.787 -> 52,1,1558,11558
13:26:27.788 -> 52,2,558,10558
13:26:27.820 -> 53,0,1270,11270
13:26:27.820 -> 53,1,1556,11556
13:26:27.821 -> 53,2,566,10566
13:26:27.852 -> 54,0,1270,11270
13:26:27.852 -> 54,1,346,10346
13:26:27.853 -> 54,2,570,10570
13:26:27.886 -> 55,0,1274,11274
13:26:27.886 -> 55,1,728,10728
13:26:27.886 -> 55,2,574,10574
13:26:27.920 -> 56,0,1278,11278
13:26:27.920 -> 56,1,330,10330
13:26:27.920 -> 56,2,578,10578
13:26:27.952 -> 57,0,1280,11280
13:26:27.952 -> 57,1,374,10374
13:26:27.953 -> 57,2,584,10584
13:26:27.986 -> 58,0,1284,11284
13:26:27.986 -> 58,1,326,10326
13:26:27.986 -> 58,2,588,10588
13:26:28.021 -> 59,0,1288,11288
13:26:28.021 -> 59,1,374,10374
13:26:28.021 -> 59,2,598,10598
13:26:28.052 -> 60,0,1294,11294
13:26:28.053 -> 60,1,326,10326
13:26:28.053 -> 60,2,604,10604
13:26:28.086 -> 61,0,1298,11298
13:26:28.086 -> 61,1,370,10370
13:26:28.087 -> 61,2,610,10610
13:26:28.119 -> 62,0,1304,11304
13:26:28.119 -> 62,1,326,10326
13:26:28.119 -> 62,2,618,10618
13:26:28.153 -> 63,0,1310,11310
13:26:28.153 -> 63,1,370,10370
13:26:28.154 -> 63,2,624,10624
13:26:28.186 -> 64,0,1316,11316
13:26:28.186 -> 64,1,1548,11548
13:26:28.186 -> 64,2,636,10636
13:26:28.218 -> 65,0,1324,11324
13:26:28.218 -> 65,1,338,10338
13:26:28.218 -> 65,2,644,10644
13:26:28.252 -> 66,0,1328,11328
13:26:28.252 -> 66,1,1552,11552
13:26:28.252 -> 66,2,652,10652
13:26:28.286 -> 67,0,1338,11338
13:26:28.286 -> 67,1,1554,11554
13:26:28.286 -> 67,2,660,10660
13:26:28.319 -> 68,0,1348,11348
13:26:28.319 -> 68,1,1558,11558
13:26:28.319 -> 68,2,668,10668
13:26:28.352 -> 69,0,1354,11354
13:26:28.352 -> 69,1,1562,11562
13:26:28.352 -> 69,2,682,10682
13:26:28.386 -> 70,0,1364,11364
13:26:28.386 -> 70,1,1566,11566
13:26:28.386 -> 70,2,692,10692
13:26:28.419 -> 71,0,1376,11376
13:26:28.419 -> 71,1,1572,11572
13:26:28.419 -> 71,2,702,10702
13:26:28.453 -> 72,0,1386,11386
13:26:28.453 -> 72,1,1576,11576
13:26:28.454 -> 72,2,714,10714
13:26:28.484 -> 73,0,1398,11398
13:26:28.484 -> 73,1,1582,11582
13:26:28.484 -> 73,2,730,10730
13:26:28.520 -> 74,0,1408,11408
13:26:28.520 -> 74,1,1588,11588
13:26:28.520 -> 74,2,742,10742
13:26:28.552 -> 75,0,1422,11422
13:26:28.552 -> 75,1,1596,11596
13:26:28.552 -> 75,2,754,10754
13:26:28.586 -> 76,0,1436,11436
13:26:28.586 -> 76,1,1588,11588
13:26:28.586 -> 76,2,768,10768
13:26:28.619 -> 77,0,1446,11446
13:26:28.619 -> 77,1,1512,11512
13:26:28.619 -> 77,2,788,10788
13:26:28.651 -> 78,0,1460,11460
13:26:28.651 -> 78,1,1446,11446
13:26:28.651 -> 78,2,802,10802
13:26:28.685 -> 79,0,1476,11476
13:26:28.685 -> 79,1,1386,11386
13:26:28.685 -> 79,2,818,10818
13:26:28.718 -> 80,0,1494,11494
13:26:28.718 -> 80,1,1332,11332
13:26:28.718 -> 80,2,840,10840
13:26:28.752 -> 81,0,1508,11508
13:26:28.752 -> 81,1,1284,11284
13:26:28.752 -> 81,2,858,10858
13:26:28.785 -> 82,0,1490,11490
13:26:28.785 -> 82,1,1240,11240
13:26:28.785 -> 82,2,878,10878
13:26:28.819 -> 83,0,1546,11546
13:26:28.819 -> 83,1,1194,11194
13:26:28.820 -> 83,2,904,10904
13:26:28.852 -> 84,0,1564,11564
13:26:28.852 -> 84,1,1154,11154
13:26:28.852 -> 84,2,924,10924
13:26:28.887 -> 85,0,1586,11586
13:26:28.887 -> 85,1,1120,11120
13:26:28.887 -> 85,2,954,10954
13:26:28.919 -> 86,0,1608,11608
13:26:28.919 -> 86,1,1080,11080
13:26:28.919 -> 86,2,978,10978
13:26:28.952 -> 87,0,1630,11630
13:26:28.952 -> 87,1,1052,11052
13:26:28.952 -> 87,2,1010,11010
13:26:28.986 -> 88,0,1652,11652
13:26:28.986 -> 88,1,1018,11018
13:26:28.987 -> 88,2,1038,11038
13:26:29.019 -> 89,0,1678,11678
13:26:29.019 -> 89,1,996,10996
13:26:29.019 -> 89,2,1076,11076
13:26:29.054 -> 90,0,1706,11706
13:26:29.054 -> 90,1,966,10966
13:26:29.054 -> 90,2,1108,11108
13:26:29.086 -> 91,0,1730,11730
13:26:29.086 -> 91,1,946,10946
13:26:29.086 -> 91,2,1150,11150
13:26:29.119 -> 92,0,1762,11762
13:26:29.119 -> 92,1,920,10920
13:26:29.119 -> 92,2,1194,11194
13:26:29.153 -> 93,0,1792,11792
13:26:29.153 -> 93,1,900,10900
13:26:29.153 -> 93,2,1234,11234
13:26:29.186 -> 94,0,1822,11822
13:26:29.186 -> 94,1,878,10878
13:26:29.186 -> 94,2,1286,11286
13:26:29.220 -> 95,0,1860,11860
13:26:29.220 -> 95,1,858,10858
13:26:29.220 -> 95,2,1342,11342
13:26:29.255 -> 96,0,1896,11896
13:26:29.255 -> 96,1,844,10844
13:26:29.255 -> 96,2,1402,11402
13:26:29.286 -> 97,0,1930,11930
13:26:29.286 -> 97,1,824,10824
13:26:29.286 -> 97,2,1468,11468
13:26:29.320 -> 98,0,1972,11972
13:26:29.320 -> 98,1,806,10806
13:26:29.320 -> 98,2,1542,11542
13:26:29.354 -> 99,0,2012,12012
13:26:29.354 -> 99,1,794,10794
13:26:29.354 -> 99,2,1620,11620
13:26:29.387 -> 100,0,2046,12046
13:26:29.387 -> 100,1,778,10778
13:26:29.387 -> 100,2,1718,11718
13:26:29.418 -> 101,0,498,10498
13:26:29.418 -> 101,1,764,10764
13:26:29.419 -> 101,2,1814,11814
13:26:29.453 -> 102,0,2060,12060
13:26:29.453 -> 102,1,748,10748
13:26:29.453 -> 102,2,1718,11718
13:26:29.485 -> 103,0,2068,12068
13:26:29.485 -> 103,1,740,10740
13:26:29.485 -> 103,2,2000,12000
13:26:29.518 -> 104,0,2080,12080
13:26:29.518 -> 104,1,728,10728
13:26:29.518 -> 104,2,1994,11994
13:26:29.553 -> 105,0,2088,12088
13:26:29.553 -> 105,1,714,10714
13:26:29.553 -> 105,2,1986,11986
13:26:29.585 -> 106,0,2098,12098
13:26:29.585 -> 106,1,702,10702
13:26:29.585 -> 106,2,1976,11976
13:26:29.620 -> 107,0,408,10408
13:26:29.620 -> 107,1,696,10696
13:26:29.620 -> 107,2,1968,11968
13:26:29.653 -> 108,0,1378,11378
13:26:29.653 -> 108,1,686,10686
13:26:29.653 -> 108,2,1962,11962
13:26:29.685 -> 109,0,348,10348
13:26:29.685 -> 109,1,676,10676
13:26:29.685 -> 109,2,1954,11954
13:26:29.720 -> 110,0,318,10318
13:26:29.720 -> 110,1,666,10666
13:26:29.720 -> 110,2,1948,11948
13:26:29.752 -> 111,0,280,10280
13:26:29.752 -> 111,1,658,10658
13:26:29.752 -> 111,2,1942,11942
13:26:29.788 -> 112,0,260,10260
13:26:29.788 -> 112,1,652,10652
13:26:29.788 -> 112,2,1382,11382
13:26:29.820 -> 113,0,2198,12198
13:26:29.820 -> 113,1,644,10644
13:26:29.820 -> 113,2,1382,11382
13:26:29.853 -> 114,0,2214,12214
13:26:29.853 -> 114,1,636,10636
13:26:29.853 -> 114,2,1378,11378
13:26:29.885 -> 115,0,2232,12232
13:26:29.885 -> 115,1,628,10628
13:26:29.885 -> 115,2,1928,11928
13:26:29.919 -> 116,0,2242,12242
13:26:29.919 -> 116,1,622,10622
13:26:29.919 -> 116,2,1924,11924
13:26:29.953 -> 117,0,2190,12190
13:26:29.953 -> 117,1,618,10618
13:26:29.954 -> 117,2,1922,11922
13:26:29.986 -> 118,0,2140,12140
13:26:29.986 -> 118,1,612,10612
13:26:29.986 -> 118,2,1922,11922
13:26:30.018 -> 119,0,2096,12096
13:26:30.018 -> 119,1,606,10606
13:26:30.018 -> 119,2,1922,11922
13:26:30.051 -> 120,0,2056,12056
13:26:30.051 -> 120,1,600,10600
13:26:30.051 -> 120,2,364,10364
