13:21:41.144 -> 0,0,0,10000
13:21:41.146 -> 0,1,0,10000
13:21:41.148 -> 0,2,0,10000
13:21:41.168 -> 1,0,1208,11208
13:21:41.169 -> 1,1,1602,11602
13:21:41.169 -> 1,2,666,10666
13:21:41.204 -> 2,0,1206,11206
13:21:41.204 -> 2,1,1596,11596
13:21:41.205 -> 2,2,674,10674
13:21:41.236 -> 3,0,1208,11208
13:21:41.237 -> 3,1,1590,11590
13:21:41.237 -> 3,2,226,10226
13:21:41.269 -> 4,0,1208,11208
13:21:41.269 -> 4,1,1584,11584
13:21:41.270 -> 4,2,244,10244
13:21:41.302 -> 5,0,1208,11208
13:21:41.303 -> 5,1,1578,11578
13:21:41.303 -> 5,2,686,10686
13:21:41.342 -> 6,0,1208,11208
13:21:41.343 -> 6,1,1574,11574
13:21:41.343 -> 6,2,204,10204
13:21:41.369 -> 7,0,1212,11212
13:21:41.370 -> 7,1,1570,11570
13:21:41.370 -> 7,2,246,10246
13:21:41.402 -> 8,0,1214,11214
13:21:41.403 -> 8,1,1568,11568
13:21:41.403 -> 8,2,704,10704
13:21:41.437 -> 9,0,1214,11214
13:21:41.437 -> 9,1,1564,11564
13:21:41.438 -> 9,2,312,10312
13:21:41.482 -> 10,0,1218,11218
13:21:41.483 -> 10,1,1562,11562
13:21:41.483 -> 10,2,290,10290
13:21:41.503 -> 11,0,1220,11220
13:21:41.504 -> 11,1,1560,11560
13:21:41.504 -> 11,2,274,10274
13:21:41.536 -> 12,0,1222,11222
13:21:41.537 -> 12,1,1558,11558
13:21:41.537 -> 12,2,282,10282
13:21:41.569 -> 13,0,1226,11226
13:21:41.570 -> 13,1,1558,11558
13:21:41.570 -> 13,2,308,10308
13:21:41.602 -> 14,0,1232,11232
13:21:41.603 -> 14,1,1556,11556
13:21:41.603 -> 14,2,744,10744
13:21:41.636 -> 15,0,1234,11234
13:21:41.636 -> 15,1,1556,11556
13:21:41.637 -> 15,2,752,10752
13:21:41.670 -> 16,0,1240,11240
13:21:41.670 -> 16,1,1556,11556
13:21:41.671 -> 16,2,760,10760
13:21:41.701 -> 17,0,1246,11246
13:21:41.702 -> 17,1,1558,11558
13:21:41.702 -> 17,2,772,10772
13:21:41.736 -> 18,0,1250,11250
13:21:41.737 -> 18,1,746,10746
13:21:41.737 -> 18,2,780,10780
13:21:41.768 -> 19,0,1258,11258
13:21:41.768 -> 19,1,790,10790
13:21:41.769 -> 19,2,790,10790
13:21:41.803 -> 20,0,1266,11266
13:21:41.803 -> 20,1,380,10380
13:21:41.804 -> 20,2,798,10798
13:21:41.836 -> 21,0,1270,11270
13:21:41.836 -> 21,1,740,10740
13:21:41.836 -> 21,2,814,10814
13:21:41.868 -> 22,0,1280,11280
13:21:41.869 -> 22,1,348,10348
13:21:41.869 -> 22,2,824,10824
13:21:41.902 -> 23,0,1288,11288
13:21:41.902 -> 23,1,392,10392
13:21:41.903 -> 23,2,286,10286
13:21:41.935 -> 24,0,1296,11296
13:21:41.936 -> 24,1,342,10342
13:21:41.936 -> 24,2,254,10254
13:21:41.970 -> 25,0,1304,11304
13:21:41.970 -> 25,1,390,10390
13:21:41.970 -> 25,2,232,10232
13:21:42.003 -> 26,0,1314,11314
13:21:42.003 -> 26,1,342,10342
13:21:42.003 -> 26,2,202,10202
13:21:42.035 -> 27,0,1322,11322
13:21:42.036 -> 27,1,390,10390
13:21:42.036 -> 27,2,180,10180
13:21:42.069 -> 28,0,1336,11336
13:21:42.070 -> 28,1,346,10346
13:21:42.070 -> 28,2,910,10910
13:21:42.102 -> 29,0,1346,11346
13:21:42.103 -> 29,1,392,10392
13:21:42.103 -> 29,2,924,10924
13:21:42.136 -> 30,0,1356,11356
13:21:42.136 -> 30,1,354,10354
13:21:42.137 -> 30,2,940,10940
13:21:42.169 -> 31,0,1370,11370
13:21:42.169 -> 31,1,1616,11616
13:21:42.170 -> 31,2,962,10962
13:21:42.201 -> 32,0,1382,11382
13:21:42.201 -> 32,1,1624,11624
13:21:42.202 -> 32,2,980,10980
13:21:42.235 -> 33,0,1398,11398
13:21:42.235 -> 33,1,1632,11632
13:21:42.236 -> 33,2,998,10998
13:21:42.270 -> 34,0,1410,11410
13:21:42.271 -> 34,1,1578,11578
13:21:42.271 -> 34,2,1024,11024
13:21:42.303 -> 35,0,1426,11426
13:21:42.303 -> 35,1,1514,11514
13:21:42.304 -> 35,2,1044,11044
13:21:42.337 -> 36,0,1446,11446
13:21:42.338 -> 36,1,1458,11458
13:21:42.338 -> 36,2,1072,11072
13:21:42.369 -> 37,0,1458,11458
13:21:42.370 -> 37,1,1406,11406
13:21:42.370 -> 37,2,1096,11096
13:21:42.402 -> 38,0,1478,11478
13:21:42.403 -> 38,1,1356,11356
13:21:42.403 -> 38,2,1128,11128
13:21:42.435 -> 39,0,1496,11496
13:21:42.435 -> 39,1,1308,11308
13:21:42.436 -> 39,2,1154,11154
13:21:42.469 -> 40,0,1518,11518
13:21:42.469 -> 40,1,1268,11268
13:21:42.470 -> 40,2,1188,11188
13:21:42.503 -> 41,0,1536,11536
13:21:42.503 -> 41,1,1232,11232
13:21:42.504 -> 41,2,1218,11218
13:21:42.538 -> 42,0,1558,11558
13:21:42.539 -> 42,1,1192,11192
13:21:42.539 -> 42,2,1258,11258
13:21:42.570 -> 43,0,1580,11580
13:21:42.570 -> 43,1,1160,11160
13:21:42.571 -> 43,2,1300,11300
13:21:42.602 -> 44,0,1606,11606
13:21:42.602 -> 44,1,1124,11124
13:21:42.603 -> 44,2,1336,11336
13:21:42.635 -> 45,0,1630,11630
13:21:42.635 -> 45,1,1100,11100
13:21:42.636 -> 45,2,1384,11384
13:21:42.669 -> 46,0,1658,11658
13:21:42.670 -> 46,1,1068,11068
13:21:42.670 -> 46,2,1434,11434
13:21:42.702 -> 47,0,1682,11682
13:21:42.703 -> 47,1,1046,11046
13:21:42.703 -> 47,2,1488,11488
13:21:42.737 -> 48,0,1712,11712
13:21:42.738 -> 48,1,1018,11018
13:21:42.738 -> 48,2,1546,11546
13:21:42.769 -> 49,0,1746,11746
13:21:42.770 -> 49,1,998,10998
13:21:42.770 -> 49,2,1610,11610
13:21:42.803 -> 50,0,1776,11776
13:21:42.804 -> 50,1,974,10974
13:21:42.804 -> 50,2,1678,11678
13:21:42.837 -> 51,0,1806,11806
13:21:42.838 -> 51,1,950,10950
13:21:42.838 -> 51,2,1750,11750
13:21:42.869 -> 52,0,1846,11846
13:21:42.870 -> 52,1,936,10936
13:21:42.870 -> 52,2,1830,11830
13:21:42.902 -> 53,0,1886,11886
13:21:42.903 -> 53,1,914,10914
13:21:42.903 -> 53,2,1928,11928
13:21:42.937 -> 54,0,1924,11924
13:21:42.938 -> 54,1,900,10900
13:21:42.938 -> 54,2,2024,12024
13:21:42.970 -> 55,0,1940,11940
13:21:42.971 -> 55,1,884,10884
13:21:42.971 -> 55,2,360,10360
13:21:43.002 -> 56,0,1946,11946
13:21:43.002 -> 56,1,866,10866
13:21:43.002 -> 56,2,348,10348
13:21:43.035 -> 57,0,1954,11954
13:21:43.036 -> 57,1,850,10850
13:21:43.036 -> 57,2,342,10342
13:21:43.070 -> 58,0,1960,11960
13:21:43.070 -> 58,1,838,10838
13:21:43.070 -> 58,2,340,10340
13:21:43.103 -> 59,0,1972,11972
13:21:43.104 -> 59,1,824,10824
13:21:43.104 -> 59,2,338,10338
13:21:43.136 -> 60,0,1982,11982
13:21:43.137 -> 60,1,810,10810
13:21:43.137 -> 60,2,338,10338
13:21:43.168 -> 61,0,1990,11990
13:21:43.168 -> 61,1,802,10802
13:21:43.168 -> 61,2,336,10336
13:21:43.202 -> 62,0,1302,11302
13:21:43.202 -> 62,1,788,10788
13:21:43.202 -> 62,2,334,10334
13:21:43.237 -> 63,0,2016,12016
13:21:43.237 -> 63,1,776,10776
13:21:43.237 -> 63,2,338,10338
13:21:43.268 -> 64,0,2028,12028
13:21:43.268 -> 64,1,764,10764
13:21:43.268 -> 64,2,336,10336
13:21:43.301 -> 65,0,2040,12040
13:21:43.301 -> 65,1,758,10758
13:21:43.301 -> 65,2,340,10340
13:21:43.335 -> 66,0,2052,12052
13:21:43.335 -> 66,1,748,10748
13:21:43.335 -> 66,2,350,10350
13:21:43.369 -> 67,0,2066,12066
13:21:43.369 -> 67,1,738,10738
13:21:43.369 -> 67,2,364,10364
13:21:43.402 -> 68,0,2084,12084
13:21:43.402 -> 68,1,728,10728
13:21:43.402 -> 68,2,514,10514
13:21:43.435 -> 69,0,2100,12100
13:21:43.435 -> 69,1,722,10722
13:21:43.435 -> 69,2,730,10730
13:21:43.470 -> 70,0,2116,12116
13:21:43.471 -> 70,1,714,10714
13:21:43.471 -> 70,2,560,10560
13:21:43.502 -> 71,0,2134,12134
13:21:43.502 -> 71,1,706,10706
13:21:43.502 -> 71,2,740,10740
13:21:43.535 -> 72,0,2108,12108
13:21:43.535 -> 72,1,698,10698
13:21:43.535 -> 72,2,544,10544
13:21:43.569 -> 73,0,2064,12064
13:21:43.569 -> 73,1,692,10692
13:21:43.569 -> 73,2,498,10498
13:21:43.602 -> 74,0,2018,12018
13:21:43.602 -> 74,1,688,10688
13:21:43.602 -> 74,2,1902,11902
13:21:43.635 -> 75,0,1980,11980
13:21:43.635 -> 75,1,682,10682
13:21:43.635 -> 75,2,1902,11902
13:21:43.669 -> 76,0,1938,11938
13:21:43.669 -> 76,1,674,10674
13:21:43.669 -> 76,2,1902,11902
13:21:43.702 -> 77,0,130,10130
13:21:43.702 -> 77,1,668,10668
13:21:43.702 -> 77,2,490,10490
13:21:43.735 -> 78,0,84,10084
13:21:43.735 -> 78,1,662,10662
13:21:43.735 -> 78,2,1904,11904
13:21:43.769 -> 79,0,56,10056
13:21:43.769 -> 79,1,660,10660
13:21:43.769 -> 79,2,448,10448
13:21:43.802 -> 80,0,80,10080
13:21:43.802 -> 80,1,656,10656
13:21:43.802 -> 80,2,448,10448
13:21:43.835 -> 81,0,72,10072
13:21:43.835 -> 81,1,652,10652
13:21:43.835 -> 81,2,1912,11912
13:21:43.870 -> 82,0,90,10090
13:21:43.870 -> 82,1,646,10646
13:21:43.870 -> 82,2,1914,11914
13:21:43.902 -> 83,0,1736,11736
13:21:43.902 -> 83,1,642,10642
13:21:43.902 -> 83,2,1918,11918
13:21:43.936 -> 84,0,64,10064
13:21:43.936 -> 84,1,638,10638
13:21:43.936 -> 84,2,1924,11924
13:21:43.969 -> 85,0,1694,11694
13:21:43.969 -> 85,1,636,10636
13:21:43.969 -> 85,2,52,10052
13:21:44.002 -> 86,0,1672,11672
13:21:44.002 -> 86,1,634,10634
13:21:44.002 -> 86,2,72,10072
13:21:44.035 -> 87,0,1658,11658
13:21:44.035 -> 87,1,630,10630
13:21:44.035 -> 87,2,1942,11942
13:21:44.069 -> 88,0,1640,11640
13:21:44.069 -> 88,1,626,10626
13:21:44.069 -> 88,2,1948,11948
13:21:44.102 -> 89,0,1624,11624
13:21:44.102 -> 89,1,624,10624
13:21:44.102 -> 89,2,1956,11956
13:21:44.136 -> 90,0,1610,11610
13:21:44.136 -> 90,1,620,10620
13:21:44.136 -> 90,2,404,10404
13:21:44.169 -> 91,0,1600,11600
13:21:44.169 -> 91,1,620,10620
13:21:44.169 -> 91,2,1974,11974
13:21:44.202 -> 92,0,1586,11586
13:21:44.202 -> 92,1,620,10620
13:21:44.202 -> 92,2,1984,11984
13:21:44.235 -> 93,0,198,10198
13:21:44.235 -> 93,1,618,10618
13:21:44.235 -> 93,2,1994,11994
13:21:44.269 -> 94,0,1570,11570
13:21:44.269 -> 94,1,616,10616
13:21:44.269 -> 94,2,2006,12006
13:21:44.303 -> 95,0,190,10190
13:21:44.303 -> 95,1,614,10614
13:21:44.303 -> 95,2,2018,12018
13:21:44.336 -> 96,0,1562,11562
13:21:44.336 -> 96,1,612,10612
13:21:44.336 -> 96,2,2030,12030
13:21:44.369 -> 97,0,1562,11562
13:21:44.369 -> 97,1,610,10610
13:21:44.369 -> 97,2,2044,12044
13:21:44.402 -> 98,0,1564,11564
13:21:44.402 -> 98,1,612,10612
13:21:44.402 -> 98,2,2060,12060
13:21:44.435 -> 99,0,1576,11576
13:21:44.435 -> 99,1,612,10612
13:21:44.435 -> 99,2,1624,11624
13:21:44.470 -> 100,0,1912,11912
13:21:44.470 -> 100,1,610,10610
13:21:44.470 -> 100,2,1592,11592
13:21:44.502 -> 101,0,1890,11890
13:21:44.502 -> 101,1,610,10610
13:21:44.502 -> 101,2,366,10366
13:21:44.536 -> 102,0,1868,11868
13:21:44.536 -> 102,1,610,10610
13:21:44.536 -> 102,2,348,10348
13:21:44.569 -> 103,0,1848,11848
13:21:44.569 -> 103,1,608,10608
13:21:44.569 -> 103,2,1568,11568
13:21:44.602 -> 104,0,1830,11830
13:21:44.602 -> 104,1,608,10608
13:21:44.602 -> 104,2,1564,11564
13:21:44.635 -> 105,0,1810,11810
13:21:44.635 -> 105,1,612,10612
13:21:44.635 -> 105,2,1562,11562
13:21:44.668 -> 106,0,1794,11794
13:21:44.668 -> 106,1,612,10612
13:21:44.668 -> 106,2,2,10002
13:21:44.702 -> 107,0,1776,11776
13:21:44.702 -> 107,1,612,10612
13:21:44.702 -> 107,2,1560,11560
13:21:44.735 -> 108,0,1760,11760
13:21:44.735 -> 108,1,614,10614
13:21:44.735 -> 108,2,2,10002
13:21:44.769 -> 109,0,1746,11746
13:21:44.769 -> 109,1,614,10614
13:21:44.769 -> 109,2,8,10008
13:21:44.802 -> 110,0,1732,11732
13:21:44.802 -> 110,1,614,10614
13:21:44.802 -> 110,2,1420,11420
13:21:44.835 -> 111,0,1718,11718
13:21:44.835 -> 111,1,620,10620
13:21:44.835 -> 111,2,1450,11450
13:21:44.869 -> 112,0,1706,11706
13:21:44.869 -> 112,1,620,10620
13:21:44.869 -> 112,2,1558,11558
13:21:44.903 -> 113,0,1694,11694
13:21:44.903 -> 113,1,622,10622
13:21:44.903 -> 113,2,1554,11554
13:21:44.937 -> 114,0,1682,11682
13:21:44.937 -> 114,1,624,10624
13:21:44.937 -> 114,2,1540,11540
13:21:44.970 -> 115,0,1672,11672
13:21:44.970 -> 115,1,626,10626
13:21:44.970 -> 115,2,1394,11394
13:21:45.002 -> 116,0,1662,11662
13:21:45.002 -> 116,1,628,10628
13:21:45.002 -> 116,2,1366,11366
13:21:45.036 -> 117,0,1652,11652
13:21:45.036 -> 117,1,634,10634
13:21:45.036 -> 117,2,1340,11340
13:21:45.071 -> 118,0,1644,11644
13:21:45.071 -> 118,1,636,10636
13:21:45.071 -> 118,2,1320,11320
13:21:45.103 -> 119,0,1634,11634
13:21:45.103 -> 119,1,638,10638
13:21:45.103 -> 119,2,1296,11296
13:21:45.137 -> 120,0,1628,11628
13:21:45.137 -> 120,1,642,10642
13:21:45.137 -> 120,2,1274,11274
